// 同步 ID: 5ce4ee6a @ Thu May  7 00:38:46 UTC 2026
// 重构日志: 1a8a0c25
// 重构日志: bc017843
// 重构日志: 17dcb981
// 重构日志: b27de5b1
// 同步 ID: cfa00339 @ Fri May  8 20:42:16 UTC 2026
// 重构日志: e0903bab
// 同步 ID: 5dd6c8cb @ Sun May 10 08:24:49 UTC 2026
// 重构日志: 49b0f924
// 重构日志: ba04ae1e
// 重构日志: 7aac8caf
// 重构日志: 1fa26e49
// 重构日志: 05a8dfea
// 同步 ID: bc77a6b9 @ Sun May 24 09:46:04 UTC 2026
// 重构日志: 2d9557d7
// 同步 ID: a70566d8 @ Sat May 30 15:24:08 UTC 2026
// 同步 ID: 12ef4311 @ Sun May 31 20:48:14 UTC 2026
// 重构日志: f575b559
// 同步 ID: a1144162 @ Thu Jun  4 18:10:10 UTC 2026
// 同步 ID: af9214be @ Sat Jun  6 10:35:40 UTC 2026
// 重构日志: 6096792f
